#! /c/Source/iverilog-install/bin/vvp
:ivl_version "12.0 (devel)" "(s20150603-1539-g2693dd32b)";
:ivl_delay_selection "TYPICAL";
:vpi_time_precision - 12;
:vpi_module "C:\iverilog\lib\ivl\system.vpi";
:vpi_module "C:\iverilog\lib\ivl\vhdl_sys.vpi";
:vpi_module "C:\iverilog\lib\ivl\vhdl_textio.vpi";
:vpi_module "C:\iverilog\lib\ivl\v2005_math.vpi";
:vpi_module "C:\iverilog\lib\ivl\va_math.vpi";
S_00000265b6a9e3a0 .scope module, "hazard_unit" "hazard_unit" 2 3;
 .timescale -9 -12;
    .port_info 0 /INPUT 1 "id_ex_memread";
    .port_info 1 /INPUT 5 "id_ex_rd";
    .port_info 2 /INPUT 5 "if_id_rs1";
    .port_info 3 /INPUT 5 "if_id_rs2";
    .port_info 4 /OUTPUT 1 "stall";
    .port_info 5 /OUTPUT 1 "pc_write";
    .port_info 6 /OUTPUT 1 "if_id_write";
o00000265b6aa5198 .functor BUFZ 1, C4<z>; HiZ drive
v00000265b6a8d120_0 .net "id_ex_memread", 0 0, o00000265b6aa5198;  0 drivers
o00000265b6aa51c8 .functor BUFZ 5, C4<zzzzz>; HiZ drive
v00000265b6a8cfe0_0 .net "id_ex_rd", 4 0, o00000265b6aa51c8;  0 drivers
o00000265b6aa51f8 .functor BUFZ 5, C4<zzzzz>; HiZ drive
v00000265b6a8b780_0 .net "if_id_rs1", 4 0, o00000265b6aa51f8;  0 drivers
o00000265b6aa5228 .functor BUFZ 5, C4<zzzzz>; HiZ drive
v00000265b6a8b8c0_0 .net "if_id_rs2", 4 0, o00000265b6aa5228;  0 drivers
v00000265b6a8b640_0 .var "if_id_write", 0 0;
v00000265b6a8c400_0 .var "pc_write", 0 0;
v00000265b6a8c220_0 .var "stall", 0 0;
E_00000265b6aa2a00 .event anyedge, v00000265b6a8d120_0, v00000265b6a8cfe0_0, v00000265b6a8b780_0, v00000265b6a8b8c0_0;
S_00000265b6a72030 .scope module, "rv32i_pipeline_tb" "rv32i_pipeline_tb" 3 3;
 .timescale -9 -12;
v00000265b6b01900_0 .net "alu_out", 31 0, L_00000265b6a8ff20;  1 drivers
v00000265b6b02580_0 .var "clk", 0 0;
v00000265b6b01b80_0 .net "mem_rdata_out", 31 0, L_00000265b6a905b0;  1 drivers
v00000265b6b01ea0_0 .net "pc_out", 31 0, L_00000265b6a90930;  1 drivers
v00000265b6b02620_0 .var "reset", 0 0;
S_00000265b6a721c0 .scope module, "dut" "rv32i_pipeline" 3 13, 4 3 0, S_00000265b6a72030;
 .timescale -9 -12;
    .port_info 0 /INPUT 1 "clk";
    .port_info 1 /INPUT 1 "reset";
    .port_info 2 /OUTPUT 32 "pc_out";
    .port_info 3 /OUTPUT 32 "alu_out";
    .port_info 4 /OUTPUT 32 "mem_rdata_out";
L_00000265b6a90700 .functor BUFZ 32, L_00000265b6b01f40, C4<00000000000000000000000000000000>, C4<00000000000000000000000000000000>, C4<00000000000000000000000000000000>;
L_00000265b6a908c0 .functor AND 1, v00000265b6aff040_0, v00000265b6aff860_0, C4<1>, C4<1>;
L_00000265b6a90930 .functor BUFZ 32, v00000265b6b01220_0, C4<00000000000000000000000000000000>, C4<00000000000000000000000000000000>, C4<00000000000000000000000000000000>;
L_00000265b6a8ff20 .functor BUFZ 32, v00000265b6a8bbe0_0, C4<00000000000000000000000000000000>, C4<00000000000000000000000000000000>, C4<00000000000000000000000000000000>;
L_00000265b6a905b0 .functor BUFZ 32, L_00000265b6b5dbc0, C4<00000000000000000000000000000000>, C4<00000000000000000000000000000000>, C4<00000000000000000000000000000000>;
v00000265b6afc770_0 .var "IF_ID_instr", 31 0;
v00000265b6afd710_0 .var "IF_ID_pc", 31 0;
v00000265b6afc950_0 .net *"_ivl_0", 31 0, L_00000265b6b01f40;  1 drivers
v00000265b6afcef0_0 .net *"_ivl_24", 7 0, L_00000265b6b5ca40;  1 drivers
L_00000265b6b04d28 .functor BUFT 1, C4<00000000000000000000000000000011>, C4<0>, C4<0>, C4<0>;
v00000265b6afcf90_0 .net/2u *"_ivl_26", 31 0, L_00000265b6b04d28;  1 drivers
v00000265b6afd7b0_0 .net *"_ivl_28", 31 0, L_00000265b6b5d8a0;  1 drivers
v00000265b6afd850_0 .net *"_ivl_3", 9 0, L_00000265b6b019a0;  1 drivers
v00000265b6afd0d0_0 .net *"_ivl_30", 7 0, L_00000265b6b5cd60;  1 drivers
L_00000265b6b04d70 .functor BUFT 1, C4<00000000000000000000000000000010>, C4<0>, C4<0>, C4<0>;
v00000265b6afd8f0_0 .net/2u *"_ivl_32", 31 0, L_00000265b6b04d70;  1 drivers
v00000265b6afdfd0_0 .net *"_ivl_34", 31 0, L_00000265b6b5dee0;  1 drivers
v00000265b6afd990_0 .net *"_ivl_36", 7 0, L_00000265b6b5d300;  1 drivers
L_00000265b6b04db8 .functor BUFT 1, C4<00000000000000000000000000000001>, C4<0>, C4<0>, C4<0>;
v00000265b6afda30_0 .net/2u *"_ivl_38", 31 0, L_00000265b6b04db8;  1 drivers
v00000265b6afdad0_0 .net *"_ivl_4", 11 0, L_00000265b6b010e0;  1 drivers
v00000265b6afde90_0 .net *"_ivl_40", 31 0, L_00000265b6b5dda0;  1 drivers
v00000265b6afe500_0 .net *"_ivl_42", 7 0, L_00000265b6b5e160;  1 drivers
v00000265b6afe1e0_0 .net *"_ivl_49", 0 0, L_00000265b6a908c0;  1 drivers
L_00000265b6b04e00 .functor BUFT 1, C4<00000000000000000000000000000100>, C4<0>, C4<0>, C4<0>;
v00000265b6aff720_0 .net/2u *"_ivl_50", 31 0, L_00000265b6b04e00;  1 drivers
v00000265b6afe960_0 .net *"_ivl_52", 31 0, L_00000265b6b5ce00;  1 drivers
L_00000265b6b04938 .functor BUFT 1, C4<00>, C4<0>, C4<0>, C4<0>;
v00000265b6afef00_0 .net *"_ivl_7", 1 0, L_00000265b6b04938;  1 drivers
v00000265b6afea00_0 .net "alu_out", 31 0, L_00000265b6a8ff20;  alias, 1 drivers
v00000265b6aff400_0 .net "alu_result", 31 0, v00000265b6a8bbe0_0;  1 drivers
v00000265b6afefa0_0 .var "alu_srcA", 31 0;
v00000265b6affd60_0 .var "alu_srcB", 31 0;
v00000265b6afff40_0 .net "aluop", 3 0, v00000265b6a8baa0_0;  1 drivers
v00000265b6afeb40_0 .net "alusrc", 0 0, v00000265b6a8d260_0;  1 drivers
v00000265b6afffe0_0 .net "branch", 0 0, v00000265b6a8ba00_0;  1 drivers
v00000265b6affb80_0 .net "branch_target", 31 0, L_00000265b6b5cae0;  1 drivers
v00000265b6aff4a0_0 .net "clk", 0 0, v00000265b6b02580_0;  1 drivers
v00000265b6afe280 .array "dmem", 4095 0, 7 0;
v00000265b6afebe0_0 .var "exmem_alu_result", 31 0;
v00000265b6aff040_0 .var "exmem_branch", 0 0;
v00000265b6aff680_0 .var "exmem_jump", 0 0;
v00000265b6afe320_0 .var "exmem_memread", 0 0;
v00000265b6affc20_0 .var "exmem_memtoreg", 0 0;
v00000265b6affea0_0 .var "exmem_memwrite", 0 0;
v00000265b6affcc0_0 .var "exmem_pc_branch", 31 0;
v00000265b6affe00_0 .var "exmem_rd", 4 0;
v00000265b6afee60_0 .var "exmem_rdata2", 31 0;
v00000265b6afec80_0 .var "exmem_regwrite", 0 0;
v00000265b6aff860_0 .var "exmem_zero", 0 0;
v00000265b6afe140_0 .net "forwardA", 1 0, v00000265b6a8cb80_0;  1 drivers
v00000265b6aff0e0_0 .net "forwardB", 1 0, v00000265b6a8c680_0;  1 drivers
v00000265b6aff180_0 .net "funct3", 2 0, L_00000265b6b01180;  1 drivers
v00000265b6afe3c0_0 .net "funct7", 6 0, L_00000265b6b024e0;  1 drivers
v00000265b6afe460_0 .var "idex_aluop", 3 0;
v00000265b6aff220_0 .var "idex_alusrc", 0 0;
v00000265b6aff9a0_0 .var "idex_branch", 0 0;
v00000265b6aff2c0_0 .var "idex_imm", 31 0;
v00000265b6aff7c0_0 .var "idex_jump", 0 0;
v00000265b6afed20_0 .var "idex_memread", 0 0;
v00000265b6afe5a0_0 .var "idex_memtoreg", 0 0;
v00000265b6aff900_0 .var "idex_memwrite", 0 0;
v00000265b6affa40_0 .var "idex_pc", 31 0;
v00000265b6afe640_0 .var "idex_rd", 4 0;
v00000265b6aff360_0 .var "idex_rdata1", 31 0;
v00000265b6afe6e0_0 .var "idex_rdata2", 31 0;
v00000265b6affae0_0 .var "idex_regwrite", 0 0;
v00000265b6afe780_0 .var "idex_rs1", 4 0;
v00000265b6afe820_0 .var "idex_rs2", 4 0;
v00000265b6afe8c0 .array "imem", 1023 0, 31 0;
v00000265b6afeaa0_0 .var "imm", 31 0;
v00000265b6afedc0_0 .net "instr", 31 0, L_00000265b6a90700;  1 drivers
v00000265b6aff540_0 .net "jump", 0 0, v00000265b6a8bb40_0;  1 drivers
v00000265b6aff5e0_0 .net "mem_data_out", 31 0, L_00000265b6b5dbc0;  1 drivers
v00000265b6b01e00_0 .net "mem_rdata_out", 31 0, L_00000265b6a905b0;  alias, 1 drivers
v00000265b6b01400_0 .net "memread", 0 0, v00000265b6a8bd20_0;  1 drivers
v00000265b6b023a0_0 .net "memtoreg", 0 0, v00000265b6a8c5e0_0;  1 drivers
v00000265b6b01680_0 .var "memwb_alu_result", 31 0;
v00000265b6b00b40_0 .var "memwb_mem_data", 31 0;
v00000265b6b00e60_0 .var "memwb_memtoreg", 0 0;
v00000265b6b01040_0 .var "memwb_rd", 4 0;
v00000265b6b01720_0 .var "memwb_regwrite", 0 0;
v00000265b6b02440_0 .net "memwrite", 0 0, v00000265b6a8bc80_0;  1 drivers
v00000265b6b017c0_0 .net "next_pc", 31 0, L_00000265b6b5dc60;  1 drivers
v00000265b6b014a0_0 .net "opcode", 6 0, L_00000265b6b01540;  1 drivers
v00000265b6b01220_0 .var "pc", 31 0;
v00000265b6b01360_0 .net "pc_out", 31 0, L_00000265b6a90930;  alias, 1 drivers
v00000265b6b01cc0_0 .net "rd", 4 0, L_00000265b6b015e0;  1 drivers
v00000265b6b00a00_0 .net "rdata1", 31 0, L_00000265b6b00aa0;  1 drivers
v00000265b6b012c0_0 .net "rdata2", 31 0, L_00000265b6b5d440;  1 drivers
v00000265b6b02800_0 .net "regwrite", 0 0, v00000265b6a8bf00_0;  1 drivers
v00000265b6b00be0_0 .net "reset", 0 0, v00000265b6b02620_0;  1 drivers
v00000265b6b01860_0 .net "rs1", 4 0, L_00000265b6b01a40;  1 drivers
v00000265b6b00f00_0 .net "rs2", 4 0, L_00000265b6b00dc0;  1 drivers
v00000265b6b00fa0_0 .net "wb_data", 31 0, L_00000265b6b5de40;  1 drivers
v00000265b6b00d20_0 .net "zero_flag", 0 0, L_00000265b6b5d800;  1 drivers
E_00000265b6aa2a80 .event posedge, v00000265b6b00be0_0, v00000265b6afc8b0_0;
E_00000265b6aa1c40/0 .event anyedge, v00000265b6a8cb80_0, v00000265b6aff360_0, v00000265b6afebe0_0, v00000265b6afdd50_0;
E_00000265b6aa1c40/1 .event anyedge, v00000265b6a8c680_0, v00000265b6aff220_0, v00000265b6aff2c0_0, v00000265b6afe6e0_0;
E_00000265b6aa1c40 .event/or E_00000265b6aa1c40/0, E_00000265b6aa1c40/1;
E_00000265b6aa2ac0 .event anyedge, v00000265b6a8be60_0, v00000265b6afc770_0;
L_00000265b6b01f40 .array/port v00000265b6afe8c0, L_00000265b6b010e0;
L_00000265b6b019a0 .part v00000265b6b01220_0, 2, 10;
L_00000265b6b010e0 .concat [ 10 2 0 0], L_00000265b6b019a0, L_00000265b6b04938;
L_00000265b6b01540 .part v00000265b6afc770_0, 0, 7;
L_00000265b6b015e0 .part v00000265b6afc770_0, 7, 5;
L_00000265b6b01180 .part v00000265b6afc770_0, 12, 3;
L_00000265b6b01a40 .part v00000265b6afc770_0, 15, 5;
L_00000265b6b00dc0 .part v00000265b6afc770_0, 20, 5;
L_00000265b6b024e0 .part v00000265b6afc770_0, 25, 7;
L_00000265b6b5cae0 .arith/sum 32, v00000265b6affa40_0, v00000265b6aff2c0_0;
L_00000265b6b5ca40 .array/port v00000265b6afe280, L_00000265b6b5d8a0;
L_00000265b6b5d8a0 .arith/sum 32, v00000265b6afebe0_0, L_00000265b6b04d28;
L_00000265b6b5cd60 .array/port v00000265b6afe280, L_00000265b6b5dee0;
L_00000265b6b5dee0 .arith/sum 32, v00000265b6afebe0_0, L_00000265b6b04d70;
L_00000265b6b5d300 .array/port v00000265b6afe280, L_00000265b6b5dda0;
L_00000265b6b5dda0 .arith/sum 32, v00000265b6afebe0_0, L_00000265b6b04db8;
L_00000265b6b5e160 .array/port v00000265b6afe280, v00000265b6afebe0_0;
L_00000265b6b5dbc0 .concat [ 8 8 8 8], L_00000265b6b5e160, L_00000265b6b5d300, L_00000265b6b5cd60, L_00000265b6b5ca40;
L_00000265b6b5de40 .functor MUXZ 32, v00000265b6b01680_0, v00000265b6b00b40_0, v00000265b6b00e60_0, C4<>;
L_00000265b6b5ce00 .arith/sum 32, v00000265b6b01220_0, L_00000265b6b04e00;
L_00000265b6b5dc60 .functor MUXZ 32, L_00000265b6b5ce00, v00000265b6affcc0_0, L_00000265b6a908c0, C4<>;
S_00000265b6a661c0 .scope module, "ALU" "alu" 4 170, 5 3 0, S_00000265b6a721c0;
 .timescale -9 -12;
    .port_info 0 /INPUT 32 "a";
    .port_info 1 /INPUT 32 "b";
    .port_info 2 /INPUT 4 "aluop";
    .port_info 3 /OUTPUT 32 "result";
    .port_info 4 /OUTPUT 1 "zero";
L_00000265b6b04ce0 .functor BUFT 1, C4<00000000000000000000000000000000>, C4<0>, C4<0>, C4<0>;
v00000265b6a8c4a0_0 .net/2u *"_ivl_0", 31 0, L_00000265b6b04ce0;  1 drivers
v00000265b6a8b6e0_0 .net "a", 31 0, v00000265b6afefa0_0;  1 drivers
v00000265b6a8c9a0_0 .net "aluop", 3 0, v00000265b6afe460_0;  1 drivers
v00000265b6a8cae0_0 .net "b", 31 0, v00000265b6affd60_0;  1 drivers
v00000265b6a8bbe0_0 .var "result", 31 0;
v00000265b6a8d1c0_0 .net "zero", 0 0, L_00000265b6b5d800;  alias, 1 drivers
E_00000265b6aa1c80 .event anyedge, v00000265b6a8c9a0_0, v00000265b6a8b6e0_0, v00000265b6a8cae0_0;
L_00000265b6b5d800 .cmp/eq 32, v00000265b6a8bbe0_0, L_00000265b6b04ce0;
S_00000265b6a66350 .scope module, "CONTROL" "control" 4 53, 6 3 0, S_00000265b6a721c0;
 .timescale -9 -12;
    .port_info 0 /INPUT 7 "opcode";
    .port_info 1 /INPUT 3 "funct3";
    .port_info 2 /INPUT 7 "funct7";
    .port_info 3 /OUTPUT 1 "regwrite";
    .port_info 4 /OUTPUT 1 "memwrite";
    .port_info 5 /OUTPUT 1 "memread";
    .port_info 6 /OUTPUT 1 "branch";
    .port_info 7 /OUTPUT 1 "alusrc";
    .port_info 8 /OUTPUT 1 "memtoreg";
    .port_info 9 /OUTPUT 1 "jump";
    .port_info 10 /OUTPUT 4 "aluop";
v00000265b6a8baa0_0 .var "aluop", 3 0;
v00000265b6a8d260_0 .var "alusrc", 0 0;
v00000265b6a8ba00_0 .var "branch", 0 0;
v00000265b6a8c360_0 .net "funct3", 2 0, L_00000265b6b01180;  alias, 1 drivers
v00000265b6a8d300_0 .net "funct7", 6 0, L_00000265b6b024e0;  alias, 1 drivers
v00000265b6a8bb40_0 .var "jump", 0 0;
v00000265b6a8bd20_0 .var "memread", 0 0;
v00000265b6a8c5e0_0 .var "memtoreg", 0 0;
v00000265b6a8bc80_0 .var "memwrite", 0 0;
v00000265b6a8be60_0 .net "opcode", 6 0, L_00000265b6b01540;  alias, 1 drivers
v00000265b6a8bf00_0 .var "regwrite", 0 0;
E_00000265b6aa2640 .event anyedge, v00000265b6a8be60_0, v00000265b6a8d300_0, v00000265b6a8c360_0;
S_00000265b6a66ad0 .scope module, "FORWARD" "forward_unit" 4 137, 7 3 0, S_00000265b6a721c0;
 .timescale -9 -12;
    .port_info 0 /INPUT 1 "ex_mem_regwrite";
    .port_info 1 /INPUT 5 "ex_mem_rd";
    .port_info 2 /INPUT 1 "mem_wb_regwrite";
    .port_info 3 /INPUT 5 "mem_wb_rd";
    .port_info 4 /INPUT 5 "id_ex_rs1";
    .port_info 5 /INPUT 5 "id_ex_rs2";
    .port_info 6 /OUTPUT 2 "forwardA";
    .port_info 7 /OUTPUT 2 "forwardB";
v00000265b6a8bfa0_0 .net "ex_mem_rd", 4 0, v00000265b6affe00_0;  1 drivers
v00000265b6a8c040_0 .net "ex_mem_regwrite", 0 0, v00000265b6afec80_0;  1 drivers
v00000265b6a8cb80_0 .var "forwardA", 1 0;
v00000265b6a8c680_0 .var "forwardB", 1 0;
v00000265b6a8c0e0_0 .net "id_ex_rs1", 4 0, v00000265b6afe780_0;  1 drivers
v00000265b6a8c180_0 .net "id_ex_rs2", 4 0, v00000265b6afe820_0;  1 drivers
v00000265b6a8c7c0_0 .net "mem_wb_rd", 4 0, v00000265b6b01040_0;  1 drivers
v00000265b6a8c860_0 .net "mem_wb_regwrite", 0 0, v00000265b6b01720_0;  1 drivers
E_00000265b6aa1e40/0 .event anyedge, v00000265b6a8c040_0, v00000265b6a8bfa0_0, v00000265b6a8c0e0_0, v00000265b6a8c180_0;
E_00000265b6aa1e40/1 .event anyedge, v00000265b6a8c860_0, v00000265b6a8c7c0_0;
E_00000265b6aa1e40 .event/or E_00000265b6aa1e40/0, E_00000265b6aa1e40/1;
S_00000265b6a66c60 .scope module, "REGS" "regfile" 4 70, 8 3 0, S_00000265b6a721c0;
 .timescale -9 -12;
    .port_info 0 /INPUT 1 "clk";
    .port_info 1 /INPUT 1 "we";
    .port_info 2 /INPUT 5 "rs1";
    .port_info 3 /INPUT 5 "rs2";
    .port_info 4 /INPUT 5 "rd";
    .port_info 5 /INPUT 32 "wdata";
    .port_info 6 /OUTPUT 32 "rdata1";
    .port_info 7 /OUTPUT 32 "rdata2";
L_00000265b6a8fe40 .functor AND 1, L_00000265b6b026c0, v00000265b6b01720_0, C4<1>, C4<1>;
L_00000265b6a90850 .functor AND 1, L_00000265b6a8fe40, L_00000265b6b02760, C4<1>, C4<1>;
L_00000265b6a90150 .functor AND 1, L_00000265b6b00c80, v00000265b6b01720_0, C4<1>, C4<1>;
L_00000265b6a90310 .functor AND 1, L_00000265b6a90150, L_00000265b6b021c0, C4<1>, C4<1>;
v00000265b6a8ca40_0 .net *"_ivl_0", 0 0, L_00000265b6b026c0;  1 drivers
v00000265b6a8cc20_0 .net *"_ivl_10", 0 0, L_00000265b6b02760;  1 drivers
v00000265b6a8ccc0_0 .net *"_ivl_13", 0 0, L_00000265b6a90850;  1 drivers
v00000265b6a8cd60_0 .net *"_ivl_14", 31 0, L_00000265b6b01fe0;  1 drivers
L_00000265b6b04a10 .functor BUFT 1, C4<000000000000000000000000000>, C4<0>, C4<0>, C4<0>;
v00000265b6a8ce00_0 .net *"_ivl_17", 26 0, L_00000265b6b04a10;  1 drivers
L_00000265b6b04a58 .functor BUFT 1, C4<00000000000000000000000000000000>, C4<0>, C4<0>, C4<0>;
v00000265b6a8cea0_0 .net/2u *"_ivl_18", 31 0, L_00000265b6b04a58;  1 drivers
v00000265b6afcc70_0 .net *"_ivl_20", 0 0, L_00000265b6b01c20;  1 drivers
v00000265b6afd2b0_0 .net *"_ivl_22", 31 0, L_00000265b6b00960;  1 drivers
v00000265b6afc3b0_0 .net *"_ivl_24", 6 0, L_00000265b6b01d60;  1 drivers
L_00000265b6b04aa0 .functor BUFT 1, C4<00>, C4<0>, C4<0>, C4<0>;
v00000265b6afd490_0 .net *"_ivl_27", 1 0, L_00000265b6b04aa0;  1 drivers
L_00000265b6b04ae8 .functor BUFT 1, C4<00000000000000000000000000000000>, C4<0>, C4<0>, C4<0>;
v00000265b6afc1d0_0 .net/2u *"_ivl_28", 31 0, L_00000265b6b04ae8;  1 drivers
v00000265b6afd670_0 .net *"_ivl_3", 0 0, L_00000265b6a8fe40;  1 drivers
v00000265b6afd350_0 .net *"_ivl_30", 31 0, L_00000265b6b02080;  1 drivers
v00000265b6afc130_0 .net *"_ivl_34", 0 0, L_00000265b6b00c80;  1 drivers
v00000265b6afca90_0 .net *"_ivl_37", 0 0, L_00000265b6a90150;  1 drivers
v00000265b6afd170_0 .net *"_ivl_38", 31 0, L_00000265b6b02120;  1 drivers
v00000265b6afd3f0_0 .net *"_ivl_4", 31 0, L_00000265b6b01ae0;  1 drivers
L_00000265b6b04b30 .functor BUFT 1, C4<000000000000000000000000000>, C4<0>, C4<0>, C4<0>;
v00000265b6afc310_0 .net *"_ivl_41", 26 0, L_00000265b6b04b30;  1 drivers
L_00000265b6b04b78 .functor BUFT 1, C4<00000000000000000000000000000000>, C4<0>, C4<0>, C4<0>;
v00000265b6afd210_0 .net/2u *"_ivl_42", 31 0, L_00000265b6b04b78;  1 drivers
v00000265b6afd030_0 .net *"_ivl_44", 0 0, L_00000265b6b021c0;  1 drivers
v00000265b6afc9f0_0 .net *"_ivl_47", 0 0, L_00000265b6a90310;  1 drivers
v00000265b6afdcb0_0 .net *"_ivl_48", 31 0, L_00000265b6b02260;  1 drivers
L_00000265b6b04bc0 .functor BUFT 1, C4<000000000000000000000000000>, C4<0>, C4<0>, C4<0>;
v00000265b6afddf0_0 .net *"_ivl_51", 26 0, L_00000265b6b04bc0;  1 drivers
L_00000265b6b04c08 .functor BUFT 1, C4<00000000000000000000000000000000>, C4<0>, C4<0>, C4<0>;
v00000265b6afcdb0_0 .net/2u *"_ivl_52", 31 0, L_00000265b6b04c08;  1 drivers
v00000265b6afce50_0 .net *"_ivl_54", 0 0, L_00000265b6b02300;  1 drivers
v00000265b6afc270_0 .net *"_ivl_56", 31 0, L_00000265b6b5d120;  1 drivers
v00000265b6afdb70_0 .net *"_ivl_58", 6 0, L_00000265b6b5d080;  1 drivers
L_00000265b6b04c50 .functor BUFT 1, C4<00>, C4<0>, C4<0>, C4<0>;
v00000265b6afc810_0 .net *"_ivl_61", 1 0, L_00000265b6b04c50;  1 drivers
L_00000265b6b04c98 .functor BUFT 1, C4<00000000000000000000000000000000>, C4<0>, C4<0>, C4<0>;
v00000265b6afdf30_0 .net/2u *"_ivl_62", 31 0, L_00000265b6b04c98;  1 drivers
v00000265b6afc450_0 .net *"_ivl_64", 31 0, L_00000265b6b5d760;  1 drivers
L_00000265b6b04980 .functor BUFT 1, C4<000000000000000000000000000>, C4<0>, C4<0>, C4<0>;
v00000265b6afc630_0 .net *"_ivl_7", 26 0, L_00000265b6b04980;  1 drivers
L_00000265b6b049c8 .functor BUFT 1, C4<00000000000000000000000000000000>, C4<0>, C4<0>, C4<0>;
v00000265b6afd5d0_0 .net/2u *"_ivl_8", 31 0, L_00000265b6b049c8;  1 drivers
v00000265b6afc8b0_0 .net "clk", 0 0, v00000265b6b02580_0;  alias, 1 drivers
v00000265b6afcb30_0 .var/i "i", 31 0;
v00000265b6afd530_0 .net "rd", 4 0, v00000265b6b01040_0;  alias, 1 drivers
v00000265b6afcbd0_0 .net "rdata1", 31 0, L_00000265b6b00aa0;  alias, 1 drivers
v00000265b6afc4f0_0 .net "rdata2", 31 0, L_00000265b6b5d440;  alias, 1 drivers
v00000265b6afc590 .array "regs", 31 0, 31 0;
v00000265b6afdc10_0 .net "rs1", 4 0, L_00000265b6b01a40;  alias, 1 drivers
v00000265b6afc6d0_0 .net "rs2", 4 0, L_00000265b6b00dc0;  alias, 1 drivers
v00000265b6afdd50_0 .net "wdata", 31 0, L_00000265b6b5de40;  alias, 1 drivers
v00000265b6afcd10_0 .net "we", 0 0, v00000265b6b01720_0;  alias, 1 drivers
E_00000265b6aa21c0 .event posedge, v00000265b6afc8b0_0;
L_00000265b6b026c0 .cmp/eq 5, L_00000265b6b01a40, v00000265b6b01040_0;
L_00000265b6b01ae0 .concat [ 5 27 0 0], v00000265b6b01040_0, L_00000265b6b04980;
L_00000265b6b02760 .cmp/ne 32, L_00000265b6b01ae0, L_00000265b6b049c8;
L_00000265b6b01fe0 .concat [ 5 27 0 0], L_00000265b6b01a40, L_00000265b6b04a10;
L_00000265b6b01c20 .cmp/ne 32, L_00000265b6b01fe0, L_00000265b6b04a58;
L_00000265b6b00960 .array/port v00000265b6afc590, L_00000265b6b01d60;
L_00000265b6b01d60 .concat [ 5 2 0 0], L_00000265b6b01a40, L_00000265b6b04aa0;
L_00000265b6b02080 .functor MUXZ 32, L_00000265b6b04ae8, L_00000265b6b00960, L_00000265b6b01c20, C4<>;
L_00000265b6b00aa0 .functor MUXZ 32, L_00000265b6b02080, L_00000265b6b5de40, L_00000265b6a90850, C4<>;
L_00000265b6b00c80 .cmp/eq 5, L_00000265b6b00dc0, v00000265b6b01040_0;
L_00000265b6b02120 .concat [ 5 27 0 0], v00000265b6b01040_0, L_00000265b6b04b30;
L_00000265b6b021c0 .cmp/ne 32, L_00000265b6b02120, L_00000265b6b04b78;
L_00000265b6b02260 .concat [ 5 27 0 0], L_00000265b6b00dc0, L_00000265b6b04bc0;
L_00000265b6b02300 .cmp/ne 32, L_00000265b6b02260, L_00000265b6b04c08;
L_00000265b6b5d120 .array/port v00000265b6afc590, L_00000265b6b5d080;
L_00000265b6b5d080 .concat [ 5 2 0 0], L_00000265b6b00dc0, L_00000265b6b04c50;
L_00000265b6b5d760 .functor MUXZ 32, L_00000265b6b04c98, L_00000265b6b5d120, L_00000265b6b02300, C4<>;
L_00000265b6b5d440 .functor MUXZ 32, L_00000265b6b5d760, L_00000265b6b5de40, L_00000265b6a90310, C4<>;
    .scope S_00000265b6a9e3a0;
T_0 ;
    %wait E_00000265b6aa2a00;
    %load/vec4 v00000265b6a8d120_0;
    %flag_set/vec4 10;
    %flag_get/vec4 10;
    %jmp/0 T_0.3, 10;
    %load/vec4 v00000265b6a8cfe0_0;
    %load/vec4 v00000265b6a8b780_0;
    %cmp/e;
    %flag_get/vec4 4;
    %jmp/1 T_0.4, 4;
    %load/vec4 v00000265b6a8cfe0_0;
    %load/vec4 v00000265b6a8b8c0_0;
    %cmp/e;
    %flag_get/vec4 4;
    %or;
T_0.4;
    %and;
T_0.3;
    %flag_set/vec4 9;
    %flag_get/vec4 9;
    %jmp/0 T_0.2, 9;
    %load/vec4 v00000265b6a8cfe0_0;
    %pad/u 32;
    %pushi/vec4 0, 0, 32;
    %cmp/ne;
    %flag_get/vec4 4;
    %and;
T_0.2;
    %flag_set/vec4 8;
    %jmp/0xz  T_0.0, 8;
    %pushi/vec4 1, 0, 1;
    %store/vec4 v00000265b6a8c220_0, 0, 1;
    %pushi/vec4 0, 0, 1;
    %store/vec4 v00000265b6a8c400_0, 0, 1;
    %pushi/vec4 0, 0, 1;
    %store/vec4 v00000265b6a8b640_0, 0, 1;
    %jmp T_0.1;
T_0.0 ;
    %pushi/vec4 0, 0, 1;
    %store/vec4 v00000265b6a8c220_0, 0, 1;
    %pushi/vec4 1, 0, 1;
    %store/vec4 v00000265b6a8c400_0, 0, 1;
    %pushi/vec4 1, 0, 1;
    %store/vec4 v00000265b6a8b640_0, 0, 1;
T_0.1 ;
    %jmp T_0;
    .thread T_0, $push;
    .scope S_00000265b6a66350;
T_1 ;
    %wait E_00000265b6aa2640;
    %pushi/vec4 0, 0, 1;
    %store/vec4 v00000265b6a8bf00_0, 0, 1;
    %pushi/vec4 0, 0, 1;
    %store/vec4 v00000265b6a8bc80_0, 0, 1;
    %pushi/vec4 0, 0, 1;
    %store/vec4 v00000265b6a8bd20_0, 0, 1;
    %pushi/vec4 0, 0, 1;
    %store/vec4 v00000265b6a8ba00_0, 0, 1;
    %pushi/vec4 0, 0, 1;
    %store/vec4 v00000265b6a8d260_0, 0, 1;
    %pushi/vec4 0, 0, 1;
    %store/vec4 v00000265b6a8c5e0_0, 0, 1;
    %pushi/vec4 0, 0, 1;
    %store/vec4 v00000265b6a8bb40_0, 0, 1;
    %pushi/vec4 0, 0, 4;
    %store/vec4 v00000265b6a8baa0_0, 0, 4;
    %load/vec4 v00000265b6a8be60_0;
    %dup/vec4;
    %pushi/vec4 51, 0, 7;
    %cmp/u;
    %jmp/1 T_1.0, 6;
    %dup/vec4;
    %pushi/vec4 19, 0, 7;
    %cmp/u;
    %jmp/1 T_1.1, 6;
    %dup/vec4;
    %pushi/vec4 3, 0, 7;
    %cmp/u;
    %jmp/1 T_1.2, 6;
    %dup/vec4;
    %pushi/vec4 35, 0, 7;
    %cmp/u;
    %jmp/1 T_1.3, 6;
    %dup/vec4;
    %pushi/vec4 99, 0, 7;
    %cmp/u;
    %jmp/1 T_1.4, 6;
    %dup/vec4;
    %pushi/vec4 111, 0, 7;
    %cmp/u;
    %jmp/1 T_1.5, 6;
    %dup/vec4;
    %pushi/vec4 23, 0, 7;
    %cmp/u;
    %jmp/1 T_1.6, 6;
    %dup/vec4;
    %pushi/vec4 55, 0, 7;
    %cmp/u;
    %jmp/1 T_1.7, 6;
    %jmp T_1.8;
T_1.0 ;
    %pushi/vec4 1, 0, 1;
    %store/vec4 v00000265b6a8bf00_0, 0, 1;
    %pushi/vec4 0, 0, 1;
    %store/vec4 v00000265b6a8d260_0, 0, 1;
    %pushi/vec4 0, 0, 1;
    %store/vec4 v00000265b6a8c5e0_0, 0, 1;
    %load/vec4 v00000265b6a8d300_0;
    %load/vec4 v00000265b6a8c360_0;
    %concat/vec4; draw_concat_vec4
    %dup/vec4;
    %pushi/vec4 0, 0, 10;
    %cmp/u;
    %jmp/1 T_1.9, 6;
    %dup/vec4;
    %pushi/vec4 256, 0, 10;
    %cmp/u;
    %jmp/1 T_1.10, 6;
    %dup/vec4;
    %pushi/vec4 1, 0, 10;
    %cmp/u;
    %jmp/1 T_1.11, 6;
    %dup/vec4;
    %pushi/vec4 2, 0, 10;
    %cmp/u;
    %jmp/1 T_1.12, 6;
    %dup/vec4;
    %pushi/vec4 3, 0, 10;
    %cmp/u;
    %jmp/1 T_1.13, 6;
    %dup/vec4;
    %pushi/vec4 4, 0, 10;
    %cmp/u;
    %jmp/1 T_1.14, 6;
    %dup/vec4;
    %pushi/vec4 5, 0, 10;
    %cmp/u;
    %jmp/1 T_1.15, 6;
    %dup/vec4;
    %pushi/vec4 261, 0, 10;
    %cmp/u;
    %jmp/1 T_1.16, 6;
    %dup/vec4;
    %pushi/vec4 6, 0, 10;
    %cmp/u;
    %jmp/1 T_1.17, 6;
    %dup/vec4;
    %pushi/vec4 7, 0, 10;
    %cmp/u;
    %jmp/1 T_1.18, 6;
    %pushi/vec4 0, 0, 4;
    %store/vec4 v00000265b6a8baa0_0, 0, 4;
    %jmp T_1.20;
T_1.9 ;
    %pushi/vec4 0, 0, 4;
    %store/vec4 v00000265b6a8baa0_0, 0, 4;
    %jmp T_1.20;
T_1.10 ;
    %pushi/vec4 8, 0, 4;
    %store/vec4 v00000265b6a8baa0_0, 0, 4;
    %jmp T_1.20;
T_1.11 ;
    %pushi/vec4 1, 0, 4;
    %store/vec4 v00000265b6a8baa0_0, 0, 4;
    %jmp T_1.20;
T_1.12 ;
    %pushi/vec4 2, 0, 4;
    %store/vec4 v00000265b6a8baa0_0, 0, 4;
    %jmp T_1.20;
T_1.13 ;
    %pushi/vec4 3, 0, 4;
    %store/vec4 v00000265b6a8baa0_0, 0, 4;
    %jmp T_1.20;
T_1.14 ;
    %pushi/vec4 4, 0, 4;
    %store/vec4 v00000265b6a8baa0_0, 0, 4;
    %jmp T_1.20;
T_1.15 ;
    %pushi/vec4 5, 0, 4;
    %store/vec4 v00000265b6a8baa0_0, 0, 4;
    %jmp T_1.20;
T_1.16 ;
    %pushi/vec4 13, 0, 4;
    %store/vec4 v00000265b6a8baa0_0, 0, 4;
    %jmp T_1.20;
T_1.17 ;
    %pushi/vec4 6, 0, 4;
    %store/vec4 v00000265b6a8baa0_0, 0, 4;
    %jmp T_1.20;
T_1.18 ;
    %pushi/vec4 7, 0, 4;
    %store/vec4 v00000265b6a8baa0_0, 0, 4;
    %jmp T_1.20;
T_1.20 ;
    %pop/vec4 1;
    %jmp T_1.8;
T_1.1 ;
    %pushi/vec4 1, 0, 1;
    %store/vec4 v00000265b6a8bf00_0, 0, 1;
    %pushi/vec4 1, 0, 1;
    %store/vec4 v00000265b6a8d260_0, 0, 1;
    %pushi/vec4 0, 0, 1;
    %store/vec4 v00000265b6a8c5e0_0, 0, 1;
    %load/vec4 v00000265b6a8c360_0;
    %dup/vec4;
    %pushi/vec4 0, 0, 3;
    %cmp/u;
    %jmp/1 T_1.21, 6;
    %dup/vec4;
    %pushi/vec4 2, 0, 3;
    %cmp/u;
    %jmp/1 T_1.22, 6;
    %dup/vec4;
    %pushi/vec4 3, 0, 3;
    %cmp/u;
    %jmp/1 T_1.23, 6;
    %dup/vec4;
    %pushi/vec4 4, 0, 3;
    %cmp/u;
    %jmp/1 T_1.24, 6;
    %dup/vec4;
    %pushi/vec4 6, 0, 3;
    %cmp/u;
    %jmp/1 T_1.25, 6;
    %dup/vec4;
    %pushi/vec4 7, 0, 3;
    %cmp/u;
    %jmp/1 T_1.26, 6;
    %dup/vec4;
    %pushi/vec4 1, 0, 3;
    %cmp/u;
    %jmp/1 T_1.27, 6;
    %dup/vec4;
    %pushi/vec4 5, 0, 3;
    %cmp/u;
    %jmp/1 T_1.28, 6;
    %pushi/vec4 0, 0, 4;
    %store/vec4 v00000265b6a8baa0_0, 0, 4;
    %jmp T_1.30;
T_1.21 ;
    %pushi/vec4 0, 0, 4;
    %store/vec4 v00000265b6a8baa0_0, 0, 4;
    %jmp T_1.30;
T_1.22 ;
    %pushi/vec4 2, 0, 4;
    %store/vec4 v00000265b6a8baa0_0, 0, 4;
    %jmp T_1.30;
T_1.23 ;
    %pushi/vec4 3, 0, 4;
    %store/vec4 v00000265b6a8baa0_0, 0, 4;
    %jmp T_1.30;
T_1.24 ;
    %pushi/vec4 4, 0, 4;
    %store/vec4 v00000265b6a8baa0_0, 0, 4;
    %jmp T_1.30;
T_1.25 ;
    %pushi/vec4 6, 0, 4;
    %store/vec4 v00000265b6a8baa0_0, 0, 4;
    %jmp T_1.30;
T_1.26 ;
    %pushi/vec4 7, 0, 4;
    %store/vec4 v00000265b6a8baa0_0, 0, 4;
    %jmp T_1.30;
T_1.27 ;
    %pushi/vec4 1, 0, 4;
    %store/vec4 v00000265b6a8baa0_0, 0, 4;
    %jmp T_1.30;
T_1.28 ;
    %load/vec4 v00000265b6a8d300_0;
    %parti/s 1, 5, 4;
    %flag_set/vec4 8;
    %jmp/0 T_1.31, 8;
    %pushi/vec4 13, 0, 4;
    %jmp/1 T_1.32, 8;
T_1.31 ; End of true expr.
    %pushi/vec4 5, 0, 4;
    %jmp/0 T_1.32, 8;
 ; End of false expr.
    %blend;
T_1.32;
    %store/vec4 v00000265b6a8baa0_0, 0, 4;
    %jmp T_1.30;
T_1.30 ;
    %pop/vec4 1;
    %jmp T_1.8;
T_1.2 ;
    %pushi/vec4 1, 0, 1;
    %store/vec4 v00000265b6a8bf00_0, 0, 1;
    %pushi/vec4 1, 0, 1;
    %store/vec4 v00000265b6a8bd20_0, 0, 1;
    %pushi/vec4 1, 0, 1;
    %store/vec4 v00000265b6a8d260_0, 0, 1;
    %pushi/vec4 1, 0, 1;
    %store/vec4 v00000265b6a8c5e0_0, 0, 1;
    %pushi/vec4 0, 0, 4;
    %store/vec4 v00000265b6a8baa0_0, 0, 4;
    %jmp T_1.8;
T_1.3 ;
    %pushi/vec4 0, 0, 1;
    %store/vec4 v00000265b6a8bf00_0, 0, 1;
    %pushi/vec4 1, 0, 1;
    %store/vec4 v00000265b6a8bc80_0, 0, 1;
    %pushi/vec4 1, 0, 1;
    %store/vec4 v00000265b6a8d260_0, 0, 1;
    %pushi/vec4 0, 0, 4;
    %store/vec4 v00000265b6a8baa0_0, 0, 4;
    %jmp T_1.8;
T_1.4 ;
    %pushi/vec4 0, 0, 1;
    %store/vec4 v00000265b6a8bf00_0, 0, 1;
    %pushi/vec4 1, 0, 1;
    %store/vec4 v00000265b6a8ba00_0, 0, 1;
    %pushi/vec4 0, 0, 1;
    %store/vec4 v00000265b6a8d260_0, 0, 1;
    %pushi/vec4 8, 0, 4;
    %store/vec4 v00000265b6a8baa0_0, 0, 4;
    %jmp T_1.8;
T_1.5 ;
    %pushi/vec4 1, 0, 1;
    %store/vec4 v00000265b6a8bf00_0, 0, 1;
    %pushi/vec4 1, 0, 1;
    %store/vec4 v00000265b6a8bb40_0, 0, 1;
    %pushi/vec4 1, 0, 1;
    %store/vec4 v00000265b6a8d260_0, 0, 1;
    %pushi/vec4 0, 0, 1;
    %store/vec4 v00000265b6a8c5e0_0, 0, 1;
    %jmp T_1.8;
T_1.6 ;
    %pushi/vec4 1, 0, 1;
    %store/vec4 v00000265b6a8bf00_0, 0, 1;
    %pushi/vec4 1, 0, 1;
    %store/vec4 v00000265b6a8d260_0, 0, 1;
    %pushi/vec4 0, 0, 4;
    %store/vec4 v00000265b6a8baa0_0, 0, 4;
    %jmp T_1.8;
T_1.7 ;
    %pushi/vec4 1, 0, 1;
    %store/vec4 v00000265b6a8bf00_0, 0, 1;
    %pushi/vec4 1, 0, 1;
    %store/vec4 v00000265b6a8d260_0, 0, 1;
    %pushi/vec4 0, 0, 4;
    %store/vec4 v00000265b6a8baa0_0, 0, 4;
    %jmp T_1.8;
T_1.8 ;
    %pop/vec4 1;
    %jmp T_1;
    .thread T_1, $push;
    .scope S_00000265b6a66c60;
T_2 ;
    %wait E_00000265b6aa21c0;
    %load/vec4 v00000265b6afcd10_0;
    %flag_set/vec4 9;
    %flag_get/vec4 9;
    %jmp/0 T_2.2, 9;
    %load/vec4 v00000265b6afd530_0;
    %pad/u 32;
    %pushi/vec4 0, 0, 32;
    %cmp/ne;
    %flag_get/vec4 4;
    %and;
T_2.2;
    %flag_set/vec4 8;
    %jmp/0xz  T_2.0, 8;
    %load/vec4 v00000265b6afdd50_0;
    %load/vec4 v00000265b6afd530_0;
    %pad/u 7;
    %ix/vec4 3;
    %ix/load 4, 0, 0; Constant delay
    %assign/vec4/a/d v00000265b6afc590, 0, 4;
T_2.0 ;
    %jmp T_2;
    .thread T_2;
    .scope S_00000265b6a66c60;
T_3 ;
    %pushi/vec4 0, 0, 32;
    %store/vec4 v00000265b6afcb30_0, 0, 32;
T_3.0 ;
    %load/vec4 v00000265b6afcb30_0;
    %cmpi/s 32, 0, 32;
    %jmp/0xz T_3.1, 5;
    %pushi/vec4 0, 0, 32;
    %ix/getv/s 4, v00000265b6afcb30_0;
    %store/vec4a v00000265b6afc590, 4, 0;
    %load/vec4 v00000265b6afcb30_0;
    %addi 1, 0, 32;
    %store/vec4 v00000265b6afcb30_0, 0, 32;
    %jmp T_3.0;
T_3.1 ;
    %end;
    .thread T_3;
    .scope S_00000265b6a66ad0;
T_4 ;
    %wait E_00000265b6aa1e40;
    %pushi/vec4 0, 0, 2;
    %store/vec4 v00000265b6a8cb80_0, 0, 2;
    %pushi/vec4 0, 0, 2;
    %store/vec4 v00000265b6a8c680_0, 0, 2;
    %load/vec4 v00000265b6a8c040_0;
    %flag_set/vec4 10;
    %flag_get/vec4 10;
    %jmp/0 T_4.3, 10;
    %load/vec4 v00000265b6a8bfa0_0;
    %pad/u 32;
    %pushi/vec4 0, 0, 32;
    %cmp/ne;
    %flag_get/vec4 4;
    %and;
T_4.3;
    %flag_set/vec4 9;
    %flag_get/vec4 9;
    %jmp/0 T_4.2, 9;
    %load/vec4 v00000265b6a8bfa0_0;
    %load/vec4 v00000265b6a8c0e0_0;
    %cmp/e;
    %flag_get/vec4 4;
    %and;
T_4.2;
    %flag_set/vec4 8;
    %jmp/0xz  T_4.0, 8;
    %pushi/vec4 2, 0, 2;
    %store/vec4 v00000265b6a8cb80_0, 0, 2;
T_4.0 ;
    %load/vec4 v00000265b6a8c040_0;
    %flag_set/vec4 10;
    %flag_get/vec4 10;
    %jmp/0 T_4.7, 10;
    %load/vec4 v00000265b6a8bfa0_0;
    %pad/u 32;
    %pushi/vec4 0, 0, 32;
    %cmp/ne;
    %flag_get/vec4 4;
    %and;
T_4.7;
    %flag_set/vec4 9;
    %flag_get/vec4 9;
    %jmp/0 T_4.6, 9;
    %load/vec4 v00000265b6a8bfa0_0;
    %load/vec4 v00000265b6a8c180_0;
    %cmp/e;
    %flag_get/vec4 4;
    %and;
T_4.6;
    %flag_set/vec4 8;
    %jmp/0xz  T_4.4, 8;
    %pushi/vec4 2, 0, 2;
    %store/vec4 v00000265b6a8c680_0, 0, 2;
T_4.4 ;
    %load/vec4 v00000265b6a8c860_0;
    %flag_set/vec4 11;
    %flag_get/vec4 11;
    %jmp/0 T_4.12, 11;
    %load/vec4 v00000265b6a8c7c0_0;
    %pad/u 32;
    %pushi/vec4 0, 0, 32;
    %cmp/ne;
    %flag_get/vec4 4;
    %and;
T_4.12;
    %flag_set/vec4 10;
    %flag_get/vec4 10;
    %jmp/0 T_4.11, 10;
    %load/vec4 v00000265b6a8c040_0;
    %flag_set/vec4 11;
    %flag_get/vec4 11;
    %jmp/0 T_4.14, 11;
    %load/vec4 v00000265b6a8bfa0_0;
    %pad/u 32;
    %pushi/vec4 0, 0, 32;
    %cmp/ne;
    %flag_get/vec4 4;
    %and;
T_4.14;
    %flag_set/vec4 10;
    %flag_get/vec4 10;
    %jmp/0 T_4.13, 10;
    %load/vec4 v00000265b6a8bfa0_0;
    %load/vec4 v00000265b6a8c0e0_0;
    %cmp/e;
    %flag_get/vec4 4;
    %and;
T_4.13;
    %nor/r;
    %and;
T_4.11;
    %flag_set/vec4 9;
    %flag_get/vec4 9;
    %jmp/0 T_4.10, 9;
    %load/vec4 v00000265b6a8c7c0_0;
    %load/vec4 v00000265b6a8c0e0_0;
    %cmp/e;
    %flag_get/vec4 4;
    %and;
T_4.10;
    %flag_set/vec4 8;
    %jmp/0xz  T_4.8, 8;
    %pushi/vec4 1, 0, 2;
    %store/vec4 v00000265b6a8cb80_0, 0, 2;
T_4.8 ;
    %load/vec4 v00000265b6a8c860_0;
    %flag_set/vec4 11;
    %flag_get/vec4 11;
    %jmp/0 T_4.19, 11;
    %load/vec4 v00000265b6a8c7c0_0;
    %pad/u 32;
    %pushi/vec4 0, 0, 32;
    %cmp/ne;
    %flag_get/vec4 4;
    %and;
T_4.19;
    %flag_set/vec4 10;
    %flag_get/vec4 10;
    %jmp/0 T_4.18, 10;
    %load/vec4 v00000265b6a8c040_0;
    %flag_set/vec4 11;
    %flag_get/vec4 11;
    %jmp/0 T_4.21, 11;
    %load/vec4 v00000265b6a8bfa0_0;
    %pad/u 32;
    %pushi/vec4 0, 0, 32;
    %cmp/ne;
    %flag_get/vec4 4;
    %and;
T_4.21;
    %flag_set/vec4 10;
    %flag_get/vec4 10;
    %jmp/0 T_4.20, 10;
    %load/vec4 v00000265b6a8bfa0_0;
    %load/vec4 v00000265b6a8c180_0;
    %cmp/e;
    %flag_get/vec4 4;
    %and;
T_4.20;
    %nor/r;
    %and;
T_4.18;
    %flag_set/vec4 9;
    %flag_get/vec4 9;
    %jmp/0 T_4.17, 9;
    %load/vec4 v00000265b6a8c7c0_0;
    %load/vec4 v00000265b6a8c180_0;
    %cmp/e;
    %flag_get/vec4 4;
    %and;
T_4.17;
    %flag_set/vec4 8;
    %jmp/0xz  T_4.15, 8;
    %pushi/vec4 1, 0, 2;
    %store/vec4 v00000265b6a8c680_0, 0, 2;
T_4.15 ;
    %jmp T_4;
    .thread T_4, $push;
    .scope S_00000265b6a661c0;
T_5 ;
    %wait E_00000265b6aa1c80;
    %load/vec4 v00000265b6a8c9a0_0;
    %dup/vec4;
    %pushi/vec4 0, 0, 4;
    %cmp/u;
    %jmp/1 T_5.0, 6;
    %dup/vec4;
    %pushi/vec4 8, 0, 4;
    %cmp/u;
    %jmp/1 T_5.1, 6;
    %dup/vec4;
    %pushi/vec4 1, 0, 4;
    %cmp/u;
    %jmp/1 T_5.2, 6;
    %dup/vec4;
    %pushi/vec4 2, 0, 4;
    %cmp/u;
    %jmp/1 T_5.3, 6;
    %dup/vec4;
    %pushi/vec4 3, 0, 4;
    %cmp/u;
    %jmp/1 T_5.4, 6;
    %dup/vec4;
    %pushi/vec4 4, 0, 4;
    %cmp/u;
    %jmp/1 T_5.5, 6;
    %dup/vec4;
    %pushi/vec4 5, 0, 4;
    %cmp/u;
    %jmp/1 T_5.6, 6;
    %dup/vec4;
    %pushi/vec4 13, 0, 4;
    %cmp/u;
    %jmp/1 T_5.7, 6;
    %dup/vec4;
    %pushi/vec4 6, 0, 4;
    %cmp/u;
    %jmp/1 T_5.8, 6;
    %dup/vec4;
    %pushi/vec4 7, 0, 4;
    %cmp/u;
    %jmp/1 T_5.9, 6;
    %pushi/vec4 0, 0, 32;
    %store/vec4 v00000265b6a8bbe0_0, 0, 32;
    %jmp T_5.11;
T_5.0 ;
    %load/vec4 v00000265b6a8b6e0_0;
    %load/vec4 v00000265b6a8cae0_0;
    %add;
    %store/vec4 v00000265b6a8bbe0_0, 0, 32;
    %jmp T_5.11;
T_5.1 ;
    %load/vec4 v00000265b6a8b6e0_0;
    %load/vec4 v00000265b6a8cae0_0;
    %sub;
    %store/vec4 v00000265b6a8bbe0_0, 0, 32;
    %jmp T_5.11;
T_5.2 ;
    %load/vec4 v00000265b6a8b6e0_0;
    %load/vec4 v00000265b6a8cae0_0;
    %parti/s 5, 0, 2;
    %ix/vec4 4;
    %shiftl 4;
    %store/vec4 v00000265b6a8bbe0_0, 0, 32;
    %jmp T_5.11;
T_5.3 ;
    %load/vec4 v00000265b6a8b6e0_0;
    %load/vec4 v00000265b6a8cae0_0;
    %cmp/s;
    %flag_get/vec4 5;
    %pad/u 32;
    %store/vec4 v00000265b6a8bbe0_0, 0, 32;
    %jmp T_5.11;
T_5.4 ;
    %load/vec4 v00000265b6a8b6e0_0;
    %load/vec4 v00000265b6a8cae0_0;
    %cmp/u;
    %flag_get/vec4 5;
    %pad/u 32;
    %store/vec4 v00000265b6a8bbe0_0, 0, 32;
    %jmp T_5.11;
T_5.5 ;
    %load/vec4 v00000265b6a8b6e0_0;
    %load/vec4 v00000265b6a8cae0_0;
    %xor;
    %store/vec4 v00000265b6a8bbe0_0, 0, 32;
    %jmp T_5.11;
T_5.6 ;
    %load/vec4 v00000265b6a8b6e0_0;
    %load/vec4 v00000265b6a8cae0_0;
    %parti/s 5, 0, 2;
    %ix/vec4 4;
    %shiftr 4;
    %store/vec4 v00000265b6a8bbe0_0, 0, 32;
    %jmp T_5.11;
T_5.7 ;
    %load/vec4 v00000265b6a8b6e0_0;
    %load/vec4 v00000265b6a8cae0_0;
    %parti/s 5, 0, 2;
    %ix/vec4 4;
    %shiftr/s 4;
    %store/vec4 v00000265b6a8bbe0_0, 0, 32;
    %jmp T_5.11;
T_5.8 ;
    %load/vec4 v00000265b6a8b6e0_0;
    %load/vec4 v00000265b6a8cae0_0;
    %or;
    %store/vec4 v00000265b6a8bbe0_0, 0, 32;
    %jmp T_5.11;
T_5.9 ;
    %load/vec4 v00000265b6a8b6e0_0;
    %load/vec4 v00000265b6a8cae0_0;
    %and;
    %store/vec4 v00000265b6a8bbe0_0, 0, 32;
    %jmp T_5.11;
T_5.11 ;
    %pop/vec4 1;
    %jmp T_5;
    .thread T_5, $push;
    .scope S_00000265b6a721c0;
T_6 ;
    %wait E_00000265b6aa2a80;
    %load/vec4 v00000265b6b00be0_0;
    %flag_set/vec4 8;
    %jmp/0xz  T_6.0, 8;
    %pushi/vec4 0, 0, 32;
    %assign/vec4 v00000265b6afd710_0, 0;
    %pushi/vec4 19, 0, 32;
    %assign/vec4 v00000265b6afc770_0, 0;
    %jmp T_6.1;
T_6.0 ;
    %load/vec4 v00000265b6b01220_0;
    %assign/vec4 v00000265b6afd710_0, 0;
    %load/vec4 v00000265b6afedc0_0;
    %assign/vec4 v00000265b6afc770_0, 0;
T_6.1 ;
    %jmp T_6;
    .thread T_6;
    .scope S_00000265b6a721c0;
T_7 ;
    %wait E_00000265b6aa2ac0;
    %load/vec4 v00000265b6b014a0_0;
    %dup/vec4;
    %pushi/vec4 19, 0, 7;
    %cmp/u;
    %jmp/1 T_7.0, 6;
    %dup/vec4;
    %pushi/vec4 3, 0, 7;
    %cmp/u;
    %jmp/1 T_7.1, 6;
    %dup/vec4;
    %pushi/vec4 103, 0, 7;
    %cmp/u;
    %jmp/1 T_7.2, 6;
    %dup/vec4;
    %pushi/vec4 35, 0, 7;
    %cmp/u;
    %jmp/1 T_7.3, 6;
    %dup/vec4;
    %pushi/vec4 99, 0, 7;
    %cmp/u;
    %jmp/1 T_7.4, 6;
    %dup/vec4;
    %pushi/vec4 23, 0, 7;
    %cmp/u;
    %jmp/1 T_7.5, 6;
    %dup/vec4;
    %pushi/vec4 55, 0, 7;
    %cmp/u;
    %jmp/1 T_7.6, 6;
    %dup/vec4;
    %pushi/vec4 111, 0, 7;
    %cmp/u;
    %jmp/1 T_7.7, 6;
    %pushi/vec4 0, 0, 32;
    %store/vec4 v00000265b6afeaa0_0, 0, 32;
    %jmp T_7.9;
T_7.0 ;
    %load/vec4 v00000265b6afc770_0;
    %parti/s 1, 31, 6;
    %replicate 20;
    %load/vec4 v00000265b6afc770_0;
    %parti/s 12, 20, 6;
    %concat/vec4; draw_concat_vec4
    %store/vec4 v00000265b6afeaa0_0, 0, 32;
    %jmp T_7.9;
T_7.1 ;
    %load/vec4 v00000265b6afc770_0;
    %parti/s 1, 31, 6;
    %replicate 20;
    %load/vec4 v00000265b6afc770_0;
    %parti/s 12, 20, 6;
    %concat/vec4; draw_concat_vec4
    %store/vec4 v00000265b6afeaa0_0, 0, 32;
    %jmp T_7.9;
T_7.2 ;
    %load/vec4 v00000265b6afc770_0;
    %parti/s 1, 31, 6;
    %replicate 20;
    %load/vec4 v00000265b6afc770_0;
    %parti/s 12, 20, 6;
    %concat/vec4; draw_concat_vec4
    %store/vec4 v00000265b6afeaa0_0, 0, 32;
    %jmp T_7.9;
T_7.3 ;
    %load/vec4 v00000265b6afc770_0;
    %parti/s 1, 31, 6;
    %replicate 20;
    %load/vec4 v00000265b6afc770_0;
    %parti/s 7, 25, 6;
    %concat/vec4; draw_concat_vec4
    %load/vec4 v00000265b6afc770_0;
    %parti/s 5, 7, 4;
    %concat/vec4; draw_concat_vec4
    %store/vec4 v00000265b6afeaa0_0, 0, 32;
    %jmp T_7.9;
T_7.4 ;
    %load/vec4 v00000265b6afc770_0;
    %parti/s 1, 31, 6;
    %replicate 19;
    %load/vec4 v00000265b6afc770_0;
    %parti/s 1, 31, 6;
    %concat/vec4; draw_concat_vec4
    %load/vec4 v00000265b6afc770_0;
    %parti/s 1, 7, 4;
    %concat/vec4; draw_concat_vec4
    %load/vec4 v00000265b6afc770_0;
    %parti/s 6, 25, 6;
    %concat/vec4; draw_concat_vec4
    %load/vec4 v00000265b6afc770_0;
    %parti/s 4, 8, 5;
    %concat/vec4; draw_concat_vec4
    %concati/vec4 0, 0, 1;
    %store/vec4 v00000265b6afeaa0_0, 0, 32;
    %jmp T_7.9;
T_7.5 ;
    %load/vec4 v00000265b6afc770_0;
    %parti/s 20, 12, 5;
    %concati/vec4 0, 0, 12;
    %store/vec4 v00000265b6afeaa0_0, 0, 32;
    %jmp T_7.9;
T_7.6 ;
    %load/vec4 v00000265b6afc770_0;
    %parti/s 20, 12, 5;
    %concati/vec4 0, 0, 12;
    %store/vec4 v00000265b6afeaa0_0, 0, 32;
    %jmp T_7.9;
T_7.7 ;
    %load/vec4 v00000265b6afc770_0;
    %parti/s 1, 31, 6;
    %replicate 11;
    %load/vec4 v00000265b6afc770_0;
    %parti/s 1, 31, 6;
    %concat/vec4; draw_concat_vec4
    %load/vec4 v00000265b6afc770_0;
    %parti/s 8, 12, 5;
    %concat/vec4; draw_concat_vec4
    %load/vec4 v00000265b6afc770_0;
    %parti/s 1, 20, 6;
    %concat/vec4; draw_concat_vec4
    %load/vec4 v00000265b6afc770_0;
    %parti/s 10, 21, 6;
    %concat/vec4; draw_concat_vec4
    %concati/vec4 0, 0, 1;
    %store/vec4 v00000265b6afeaa0_0, 0, 32;
    %jmp T_7.9;
T_7.9 ;
    %pop/vec4 1;
    %jmp T_7;
    .thread T_7, $push;
    .scope S_00000265b6a721c0;
T_8 ;
    %wait E_00000265b6aa2a80;
    %load/vec4 v00000265b6b00be0_0;
    %flag_set/vec4 8;
    %jmp/0xz  T_8.0, 8;
    %pushi/vec4 0, 0, 32;
    %assign/vec4 v00000265b6affa40_0, 0;
    %pushi/vec4 0, 0, 32;
    %assign/vec4 v00000265b6aff360_0, 0;
    %pushi/vec4 0, 0, 32;
    %assign/vec4 v00000265b6afe6e0_0, 0;
    %pushi/vec4 0, 0, 32;
    %assign/vec4 v00000265b6aff2c0_0, 0;
    %pushi/vec4 0, 0, 5;
    %assign/vec4 v00000265b6afe780_0, 0;
    %pushi/vec4 0, 0, 5;
    %assign/vec4 v00000265b6afe820_0, 0;
    %pushi/vec4 0, 0, 5;
    %assign/vec4 v00000265b6afe640_0, 0;
    %pushi/vec4 0, 0, 4;
    %assign/vec4 v00000265b6afe460_0, 0;
    %pushi/vec4 0, 0, 1;
    %assign/vec4 v00000265b6afed20_0, 0;
    %pushi/vec4 0, 0, 1;
    %assign/vec4 v00000265b6aff900_0, 0;
    %pushi/vec4 0, 0, 1;
    %assign/vec4 v00000265b6affae0_0, 0;
    %pushi/vec4 0, 0, 1;
    %assign/vec4 v00000265b6afe5a0_0, 0;
    %pushi/vec4 0, 0, 1;
    %assign/vec4 v00000265b6aff220_0, 0;
    %pushi/vec4 0, 0, 1;
    %assign/vec4 v00000265b6aff9a0_0, 0;
    %pushi/vec4 0, 0, 1;
    %assign/vec4 v00000265b6aff7c0_0, 0;
    %jmp T_8.1;
T_8.0 ;
    %load/vec4 v00000265b6afd710_0;
    %assign/vec4 v00000265b6affa40_0, 0;
    %load/vec4 v00000265b6b00a00_0;
    %assign/vec4 v00000265b6aff360_0, 0;
    %load/vec4 v00000265b6b012c0_0;
    %assign/vec4 v00000265b6afe6e0_0, 0;
    %load/vec4 v00000265b6afeaa0_0;
    %assign/vec4 v00000265b6aff2c0_0, 0;
    %load/vec4 v00000265b6b01860_0;
    %assign/vec4 v00000265b6afe780_0, 0;
    %load/vec4 v00000265b6b00f00_0;
    %assign/vec4 v00000265b6afe820_0, 0;
    %load/vec4 v00000265b6b01cc0_0;
    %assign/vec4 v00000265b6afe640_0, 0;
    %load/vec4 v00000265b6afff40_0;
    %assign/vec4 v00000265b6afe460_0, 0;
    %load/vec4 v00000265b6b01400_0;
    %assign/vec4 v00000265b6afed20_0, 0;
    %load/vec4 v00000265b6b02440_0;
    %assign/vec4 v00000265b6aff900_0, 0;
    %load/vec4 v00000265b6b02800_0;
    %assign/vec4 v00000265b6affae0_0, 0;
    %load/vec4 v00000265b6b023a0_0;
    %assign/vec4 v00000265b6afe5a0_0, 0;
    %load/vec4 v00000265b6afeb40_0;
    %assign/vec4 v00000265b6aff220_0, 0;
    %load/vec4 v00000265b6afffe0_0;
    %assign/vec4 v00000265b6aff9a0_0, 0;
    %load/vec4 v00000265b6aff540_0;
    %assign/vec4 v00000265b6aff7c0_0, 0;
T_8.1 ;
    %jmp T_8;
    .thread T_8;
    .scope S_00000265b6a721c0;
T_9 ;
    %wait E_00000265b6aa1c40;
    %load/vec4 v00000265b6afe140_0;
    %dup/vec4;
    %pushi/vec4 0, 0, 2;
    %cmp/u;
    %jmp/1 T_9.0, 6;
    %dup/vec4;
    %pushi/vec4 2, 0, 2;
    %cmp/u;
    %jmp/1 T_9.1, 6;
    %dup/vec4;
    %pushi/vec4 1, 0, 2;
    %cmp/u;
    %jmp/1 T_9.2, 6;
    %load/vec4 v00000265b6aff360_0;
    %store/vec4 v00000265b6afefa0_0, 0, 32;
    %jmp T_9.4;
T_9.0 ;
    %load/vec4 v00000265b6aff360_0;
    %store/vec4 v00000265b6afefa0_0, 0, 32;
    %jmp T_9.4;
T_9.1 ;
    %load/vec4 v00000265b6afebe0_0;
    %store/vec4 v00000265b6afefa0_0, 0, 32;
    %jmp T_9.4;
T_9.2 ;
    %load/vec4 v00000265b6b00fa0_0;
    %store/vec4 v00000265b6afefa0_0, 0, 32;
    %jmp T_9.4;
T_9.4 ;
    %pop/vec4 1;
    %load/vec4 v00000265b6aff0e0_0;
    %dup/vec4;
    %pushi/vec4 0, 0, 2;
    %cmp/u;
    %jmp/1 T_9.5, 6;
    %dup/vec4;
    %pushi/vec4 2, 0, 2;
    %cmp/u;
    %jmp/1 T_9.6, 6;
    %dup/vec4;
    %pushi/vec4 1, 0, 2;
    %cmp/u;
    %jmp/1 T_9.7, 6;
    %load/vec4 v00000265b6aff220_0;
    %flag_set/vec4 8;
    %jmp/0 T_9.10, 8;
    %load/vec4 v00000265b6aff2c0_0;
    %jmp/1 T_9.11, 8;
T_9.10 ; End of true expr.
    %load/vec4 v00000265b6afe6e0_0;
    %jmp/0 T_9.11, 8;
 ; End of false expr.
    %blend;
T_9.11;
    %store/vec4 v00000265b6affd60_0, 0, 32;
    %jmp T_9.9;
T_9.5 ;
    %load/vec4 v00000265b6aff220_0;
    %flag_set/vec4 8;
    %jmp/0 T_9.12, 8;
    %load/vec4 v00000265b6aff2c0_0;
    %jmp/1 T_9.13, 8;
T_9.12 ; End of true expr.
    %load/vec4 v00000265b6afe6e0_0;
    %jmp/0 T_9.13, 8;
 ; End of false expr.
    %blend;
T_9.13;
    %store/vec4 v00000265b6affd60_0, 0, 32;
    %jmp T_9.9;
T_9.6 ;
    %load/vec4 v00000265b6afebe0_0;
    %store/vec4 v00000265b6affd60_0, 0, 32;
    %jmp T_9.9;
T_9.7 ;
    %load/vec4 v00000265b6b00fa0_0;
    %store/vec4 v00000265b6affd60_0, 0, 32;
    %jmp T_9.9;
T_9.9 ;
    %pop/vec4 1;
    %jmp T_9;
    .thread T_9, $push;
    .scope S_00000265b6a721c0;
T_10 ;
    %wait E_00000265b6aa2a80;
    %load/vec4 v00000265b6b00be0_0;
    %flag_set/vec4 8;
    %jmp/0xz  T_10.0, 8;
    %pushi/vec4 0, 0, 32;
    %assign/vec4 v00000265b6afebe0_0, 0;
    %pushi/vec4 0, 0, 32;
    %assign/vec4 v00000265b6afee60_0, 0;
    %pushi/vec4 0, 0, 32;
    %assign/vec4 v00000265b6affcc0_0, 0;
    %pushi/vec4 0, 0, 5;
    %assign/vec4 v00000265b6affe00_0, 0;
    %pushi/vec4 0, 0, 1;
    %assign/vec4 v00000265b6aff860_0, 0;
    %pushi/vec4 0, 0, 1;
    %assign/vec4 v00000265b6afe320_0, 0;
    %pushi/vec4 0, 0, 1;
    %assign/vec4 v00000265b6affea0_0, 0;
    %pushi/vec4 0, 0, 1;
    %assign/vec4 v00000265b6afec80_0, 0;
    %pushi/vec4 0, 0, 1;
    %assign/vec4 v00000265b6affc20_0, 0;
    %pushi/vec4 0, 0, 1;
    %assign/vec4 v00000265b6aff040_0, 0;
    %pushi/vec4 0, 0, 1;
    %assign/vec4 v00000265b6aff680_0, 0;
    %jmp T_10.1;
T_10.0 ;
    %load/vec4 v00000265b6aff400_0;
    %assign/vec4 v00000265b6afebe0_0, 0;
    %load/vec4 v00000265b6afe6e0_0;
    %assign/vec4 v00000265b6afee60_0, 0;
    %load/vec4 v00000265b6affb80_0;
    %assign/vec4 v00000265b6affcc0_0, 0;
    %load/vec4 v00000265b6afe640_0;
    %assign/vec4 v00000265b6affe00_0, 0;
    %load/vec4 v00000265b6b00d20_0;
    %assign/vec4 v00000265b6aff860_0, 0;
    %load/vec4 v00000265b6afed20_0;
    %assign/vec4 v00000265b6afe320_0, 0;
    %load/vec4 v00000265b6aff900_0;
    %assign/vec4 v00000265b6affea0_0, 0;
    %load/vec4 v00000265b6affae0_0;
    %assign/vec4 v00000265b6afec80_0, 0;
    %load/vec4 v00000265b6afe5a0_0;
    %assign/vec4 v00000265b6affc20_0, 0;
    %load/vec4 v00000265b6aff9a0_0;
    %assign/vec4 v00000265b6aff040_0, 0;
    %load/vec4 v00000265b6aff7c0_0;
    %assign/vec4 v00000265b6aff680_0, 0;
T_10.1 ;
    %jmp T_10;
    .thread T_10;
    .scope S_00000265b6a721c0;
T_11 ;
    %wait E_00000265b6aa21c0;
    %load/vec4 v00000265b6affea0_0;
    %flag_set/vec4 8;
    %jmp/0xz  T_11.0, 8;
    %load/vec4 v00000265b6afee60_0;
    %parti/s 8, 0, 2;
    %ix/getv 3, v00000265b6afebe0_0;
    %ix/load 4, 0, 0; Constant delay
    %assign/vec4/a/d v00000265b6afe280, 0, 4;
    %load/vec4 v00000265b6afee60_0;
    %parti/s 8, 8, 5;
    %load/vec4 v00000265b6afebe0_0;
    %addi 1, 0, 32;
    %ix/vec4 3;
    %ix/load 4, 0, 0; Constant delay
    %assign/vec4/a/d v00000265b6afe280, 0, 4;
    %load/vec4 v00000265b6afee60_0;
    %parti/s 8, 16, 6;
    %load/vec4 v00000265b6afebe0_0;
    %addi 2, 0, 32;
    %ix/vec4 3;
    %ix/load 4, 0, 0; Constant delay
    %assign/vec4/a/d v00000265b6afe280, 0, 4;
    %load/vec4 v00000265b6afee60_0;
    %parti/s 8, 24, 6;
    %load/vec4 v00000265b6afebe0_0;
    %addi 3, 0, 32;
    %ix/vec4 3;
    %ix/load 4, 0, 0; Constant delay
    %assign/vec4/a/d v00000265b6afe280, 0, 4;
T_11.0 ;
    %jmp T_11;
    .thread T_11;
    .scope S_00000265b6a721c0;
T_12 ;
    %wait E_00000265b6aa2a80;
    %load/vec4 v00000265b6b00be0_0;
    %flag_set/vec4 8;
    %jmp/0xz  T_12.0, 8;
    %pushi/vec4 0, 0, 32;
    %assign/vec4 v00000265b6b01680_0, 0;
    %pushi/vec4 0, 0, 32;
    %assign/vec4 v00000265b6b00b40_0, 0;
    %pushi/vec4 0, 0, 5;
    %assign/vec4 v00000265b6b01040_0, 0;
    %pushi/vec4 0, 0, 1;
    %assign/vec4 v00000265b6b01720_0, 0;
    %pushi/vec4 0, 0, 1;
    %assign/vec4 v00000265b6b00e60_0, 0;
    %jmp T_12.1;
T_12.0 ;
    %load/vec4 v00000265b6afebe0_0;
    %assign/vec4 v00000265b6b01680_0, 0;
    %load/vec4 v00000265b6aff5e0_0;
    %assign/vec4 v00000265b6b00b40_0, 0;
    %load/vec4 v00000265b6affe00_0;
    %assign/vec4 v00000265b6b01040_0, 0;
    %load/vec4 v00000265b6afec80_0;
    %assign/vec4 v00000265b6b01720_0, 0;
    %load/vec4 v00000265b6affc20_0;
    %assign/vec4 v00000265b6b00e60_0, 0;
T_12.1 ;
    %jmp T_12;
    .thread T_12;
    .scope S_00000265b6a721c0;
T_13 ;
    %wait E_00000265b6aa2a80;
    %load/vec4 v00000265b6b00be0_0;
    %flag_set/vec4 8;
    %jmp/0xz  T_13.0, 8;
    %pushi/vec4 0, 0, 32;
    %assign/vec4 v00000265b6b01220_0, 0;
    %jmp T_13.1;
T_13.0 ;
    %load/vec4 v00000265b6b017c0_0;
    %assign/vec4 v00000265b6b01220_0, 0;
T_13.1 ;
    %jmp T_13;
    .thread T_13;
    .scope S_00000265b6a72030;
T_14 ;
    %delay 5000, 0;
    %load/vec4 v00000265b6b02580_0;
    %inv;
    %store/vec4 v00000265b6b02580_0, 0, 1;
    %jmp T_14;
    .thread T_14;
    .scope S_00000265b6a72030;
T_15 ;
    %vpi_call 3 25 "$dumpfile", "rv32i_pipeline.vcd" {0 0 0};
    %vpi_call 3 26 "$dumpvars", 32'sb00000000000000000000000000000000, S_00000265b6a72030 {0 0 0};
    %pushi/vec4 0, 0, 1;
    %store/vec4 v00000265b6b02580_0, 0, 1;
    %pushi/vec4 1, 0, 1;
    %store/vec4 v00000265b6b02620_0, 0, 1;
    %delay 10000, 0;
    %pushi/vec4 5243027, 0, 32;
    %ix/load 4, 0, 0;
    %flag_set/imm 4, 0;
    %store/vec4a v00000265b6afe8c0, 4, 0;
    %pushi/vec4 7340307, 0, 32;
    %ix/load 4, 1, 0;
    %flag_set/imm 4, 0;
    %store/vec4a v00000265b6afe8c0, 4, 0;
    %pushi/vec4 2130355, 0, 32;
    %ix/load 4, 2, 0;
    %flag_set/imm 4, 0;
    %store/vec4a v00000265b6afe8c0, 4, 0;
    %pushi/vec4 3153955, 0, 32;
    %ix/load 4, 3, 0;
    %flag_set/imm 4, 0;
    %store/vec4a v00000265b6afe8c0, 4, 0;
    %pushi/vec4 4119, 0, 32;
    %ix/load 4, 4, 0;
    %flag_set/imm 4, 0;
    %store/vec4a v00000265b6afe8c0, 4, 0;
    %pushi/vec4 111, 0, 32;
    %ix/load 4, 5, 0;
    %flag_set/imm 4, 0;
    %store/vec4a v00000265b6afe8c0, 4, 0;
    %delay 10000, 0;
    %pushi/vec4 0, 0, 1;
    %store/vec4 v00000265b6b02620_0, 0, 1;
    %delay 1000000, 0;
    %vpi_call 3 53 "$display", "\012Final state before loop stabilizes:" {0 0 0};
    %vpi_call 3 56 "$display", "\012--- FINAL CPU STATE ---" {0 0 0};
    %vpi_call 3 57 "$display", "PC = %h", v00000265b6b01ea0_0 {0 0 0};
    %vpi_call 3 58 "$display", "x1 = %0d", &A<v00000265b6afc590, 1> {0 0 0};
    %vpi_call 3 59 "$display", "x2 = %0d", &A<v00000265b6afc590, 2> {0 0 0};
    %vpi_call 3 60 "$display", "x3 = %0d", &A<v00000265b6afc590, 3> {0 0 0};
    %vpi_call 3 61 "$display", "x4 = %0d", &A<v00000265b6afc590, 4> {0 0 0};
    %ix/load 4, 3, 0;
    %flag_set/imm 4, 0;
    %load/vec4a v00000265b6afe280, 4;
    %ix/load 4, 2, 0;
    %flag_set/imm 4, 0;
    %load/vec4a v00000265b6afe280, 4;
    %concat/vec4; draw_concat_vec4
    %ix/load 4, 1, 0;
    %flag_set/imm 4, 0;
    %load/vec4a v00000265b6afe280, 4;
    %concat/vec4; draw_concat_vec4
    %ix/load 4, 0, 0;
    %flag_set/imm 4, 0;
    %load/vec4a v00000265b6afe280, 4;
    %concat/vec4; draw_concat_vec4
    %vpi_call 3 63 "$display", "Memory[0..3] = %02x %02x %02x %02x -> %08x", &A<v00000265b6afe280, 0>, &A<v00000265b6afe280, 1>, &A<v00000265b6afe280, 2>, &A<v00000265b6afe280, 3>, S<0,vec4,u32> {1 0 0};
    %vpi_call 3 67 "$display", "\012ALU out (last) = %0d", v00000265b6b01900_0 {0 0 0};
    %vpi_call 3 68 "$display", "Mem read (last) = %0d", v00000265b6b01b80_0 {0 0 0};
    %vpi_call 3 69 "$display", "------------------------\012" {0 0 0};
    %vpi_call 3 71 "$finish" {0 0 0};
    %end;
    .thread T_15;
# The file index is used to find the file name in the following table.
:file_names 9;
    "N/A";
    "<interactive>";
    "hazard_unit.v";
    "rv32i_pipeline_tb.v";
    "rv32i_pipeline.v";
    "alu.v";
    "control.v";
    "forward_unit.v";
    "regfile.v";
